[0521/154708.928:ERROR:cache_util_win.cc(20)] Unable to move the cache: Acesso negado. (0x5)
[0521/154708.928:ERROR:cache_util_win.cc(20)] Unable to move the cache: Acesso negado. (0x5)
[0521/154708.930:ERROR:disk_cache.cc(205)] Unable to create cache
[0521/154708.930:ERROR:gpu_disk_cache.cc(673)] Gpu Cache Creation failed: -2
[0521/154708.930:ERROR:disk_cache.cc(205)] Unable to create cache
[0521/154708.930:ERROR:gpu_disk_cache.cc(673)] Gpu Cache Creation failed: -2
[0521/154709.559:INFO:CONSOLE(157)] "Event handler of 'x-storagemutated-1' event must be added on the initial evaluation of worker script.", source: https://static.whatsapp.net/rsrc.php/v4/yS/r/Xn40bABT8Uz.js (157)
[0521/154709.691:INFO:CONSOLE(0)] "Error with Permissions-Policy header: Feature xr-spatial-tracking's parameters are ignored.", source:  (0)
[0521/154709.692:INFO:CONSOLE(0)] "Error with Permissions-Policy header: Origin trial controlled feature not enabled: 'attribution-reporting'.", source:  (0)
[0521/154709.692:INFO:CONSOLE(0)] "Error with Permissions-Policy header: Unrecognized feature: 'compute-pressure'.", source:  (0)
[0521/154709.692:INFO:CONSOLE(0)] "Error with Permissions-Policy header: Origin trial controlled feature not enabled: 'interest-cohort'.", source:  (0)
[0521/154709.692:INFO:CONSOLE(0)] "Error with Permissions-Policy header: Unrecognized feature: 'private-state-token-issuance'.", source:  (0)
[0521/154709.692:INFO:CONSOLE(0)] "Error with Permissions-Policy header: Origin trial controlled feature not enabled: 'shared-storage'.", source:  (0)
[0521/154709.692:INFO:CONSOLE(0)] "Error with Permissions-Policy header: Unrecognized feature: 'shared-storage-select-url'.", source:  (0)
[0521/154709.692:INFO:CONSOLE(0)] "Error with Permissions-Policy header: Unrecognized feature: 'private-state-token-redemption'.", source:  (0)
[0521/154709.693:INFO:CONSOLE(0)] "Error with Permissions-Policy header: Unrecognized feature: 'unload'.", source:  (0)
[0521/154709.693:INFO:CONSOLE(0)] "Error with Permissions-Policy header: Unrecognized feature: 'window-management'.", source:  (0)
[0521/154710.954:ERROR:cache_util_win.cc(20)] Unable to move the cache: Acesso negado. (0x5)
[0521/154710.954:ERROR:disk_cache.cc(205)] Unable to create cache
[0521/154711.220:ERROR:cache_util_win.cc(20)] Unable to move the cache: Acesso negado. (0x5)
[0521/154711.221:ERROR:disk_cache.cc(205)] Unable to create cache
[0521/154711.221:ERROR:gpu_disk_cache.cc(673)] Gpu Cache Creation failed: -2
[0521/154711.221:ERROR:cache_util_win.cc(20)] Unable to move the cache: Acesso negado. (0x5)
[0521/154711.221:ERROR:disk_cache.cc(205)] Unable to create cache
[0521/154711.221:ERROR:gpu_disk_cache.cc(673)] Gpu Cache Creation failed: -2
[0521/154711.304:INFO:CONSOLE(0)] "Error with Permissions-Policy header: Feature xr-spatial-tracking's parameters are ignored.", source:  (0)
[0521/154711.304:INFO:CONSOLE(0)] "Error with Permissions-Policy header: Origin trial controlled feature not enabled: 'attribution-reporting'.", source:  (0)
[0521/154711.304:INFO:CONSOLE(0)] "Error with Permissions-Policy header: Unrecognized feature: 'compute-pressure'.", source:  (0)
[0521/154711.304:INFO:CONSOLE(0)] "Error with Permissions-Policy header: Origin trial controlled feature not enabled: 'interest-cohort'.", source:  (0)
[0521/154711.304:INFO:CONSOLE(0)] "Error with Permissions-Policy header: Unrecognized feature: 'private-state-token-issuance'.", source:  (0)
[0521/154711.304:INFO:CONSOLE(0)] "Error with Permissions-Policy header: Origin trial controlled feature not enabled: 'shared-storage'.", source:  (0)
[0521/154711.304:INFO:CONSOLE(0)] "Error with Permissions-Policy header: Unrecognized feature: 'shared-storage-select-url'.", source:  (0)
[0521/154711.304:INFO:CONSOLE(0)] "Error with Permissions-Policy header: Unrecognized feature: 'private-state-token-redemption'.", source:  (0)
[0521/154711.304:INFO:CONSOLE(0)] "Error with Permissions-Policy header: Unrecognized feature: 'unload'.", source:  (0)
[0521/154711.304:INFO:CONSOLE(0)] "Error with Permissions-Policy header: Unrecognized feature: 'window-management'.", source:  (0)
[0521/154711.962:ERROR:service_worker_storage.cc(1933)] Failed to delete the database: Database IO error
[0521/154717.687:ERROR:leveldb_factory.cc(88)] Failed to open LevelDB database from Z:\loja-whatsapp-api-v3\api-Telefone\.wwebjs_auth\session\Default\IndexedDB\https_web.whatsapp.com_0.indexeddb.leveldb,IO error: Z:\loja-whatsapp-api-v3\api-Telefone\.wwebjs_auth\session\Default\IndexedDB\https_web.whatsapp.com_0.indexeddb.leveldb/LOCK: File currently in use. (ChromeMethodBFE: 15::LockFile::2)
[0521/154719.718:ERROR:leveldb_factory.cc(88)] Failed to open LevelDB database from Z:\loja-whatsapp-api-v3\api-Telefone\.wwebjs_auth\session\Default\IndexedDB\https_web.whatsapp.com_0.indexeddb.leveldb,IO error: Z:\loja-whatsapp-api-v3\api-Telefone\.wwebjs_auth\session\Default\IndexedDB\https_web.whatsapp.com_0.indexeddb.leveldb/LOCK: File currently in use. (ChromeMethodBFE: 15::LockFile::2)
